[uDD::Log][2022-11-22 00:10:42] Start
[uDD::Log][2022-11-22 00:10:42] OS Version    : 10.0
[uDD::Log][2022-11-22 00:10:42] Build Number  : 22000
[uDD::Log][2022-11-22 00:10:42] Service Pack  : 
[uDD::Log][2022-11-22 00:10:42] Graphics Card [0] : NVIDIA GeForce GTX 1650
[uDD::Log][2022-11-22 00:10:42]   > Monitor[0] : \\.\DISPLAY1
[uDD::Log][2022-11-22 00:10:42]   > Monitor[1] : \\.\DISPLAY4
[uDD::Log][2022-11-22 00:10:42] Graphics Card [1] : Intel(R) UHD Graphics 630
[uDD::Log][2022-11-22 00:10:42] Graphics Card [2] : Microsoft Basic Render Driver
[uDD::Log][2022-11-22 00:10:42] Monitor::Initialized() =>
[uDD::Log][2022-11-22 00:10:42]     ID    : 0
[uDD::Log][2022-11-22 00:10:42]     Size  : (1920, 1080)
[uDD::Log][2022-11-22 00:10:42]     DPI   : (141, 141)
[uDD::Log][2022-11-22 00:10:42]     Rot   : Landscape
[uDD::Err][2022-11-22 00:10:42] Duplicator::Initialize() => Unsupported display.
[uDD::Log][2022-11-22 00:10:42] Monitor::Initialized() =>
[uDD::Log][2022-11-22 00:10:42]     ID    : 1
[uDD::Log][2022-11-22 00:10:42]     Size  : (1920, 1080)
[uDD::Log][2022-11-22 00:10:42]     DPI   : (81, 81)
[uDD::Log][2022-11-22 00:10:42]     Rot   : Landscape
[uDD::Log][2022-11-22 00:10:42] Duplicator::Initialize() => OK.
[uDD::Log][2022-11-22 00:26:28] Stop
