Using pre-set license
Built from '2021.3/staging' branch; Version is '2021.3.8f1 (b30333d56e81) revision 11731763'; Using compiler version '192829333'; Build Type 'Release'
OS: 'Windows 10  (10.0.19044) 64bit Enterprise' Language: 'en' Physical Memory: 32604 MB
BatchMode: 1, IsHumanControllingUs: 0, StartBugReporterOnCrash: 0, Is64bit: 1, IsPro: 1

COMMAND LINE ARGUMENTS:
C:\Program Files\Unity\Hub\Editor\2021.3.8f1\Editor\Unity.exe
-adb2
-batchMode
-noUpm
-name
AssetImportWorker2
-projectPath
C:/Users/az794137/Downloads/OnStageVR/OnStageVR
-logFile
Logs/AssetImportWorker2.log
-srvPort
56628
Successfully changed project path to: C:/Users/az794137/Downloads/OnStageVR/OnStageVR
C:/Users/az794137/Downloads/OnStageVR/OnStageVR
[UnityMemory] Configuration Parameters - Can be set up in boot.config
    "memorysetup-bucket-allocator-granularity=16"
    "memorysetup-bucket-allocator-bucket-count=8"
    "memorysetup-bucket-allocator-block-size=33554432"
    "memorysetup-bucket-allocator-block-count=8"
    "memorysetup-main-allocator-block-size=16777216"
    "memorysetup-thread-allocator-block-size=16777216"
    "memorysetup-gfx-main-allocator-block-size=16777216"
    "memorysetup-gfx-thread-allocator-block-size=16777216"
    "memorysetup-cache-allocator-block-size=4194304"
    "memorysetup-typetree-allocator-block-size=2097152"
    "memorysetup-profiler-bucket-allocator-granularity=16"
    "memorysetup-profiler-bucket-allocator-bucket-count=8"
    "memorysetup-profiler-bucket-allocator-block-size=33554432"
    "memorysetup-profiler-bucket-allocator-block-count=8"
    "memorysetup-profiler-allocator-block-size=16777216"
    "memorysetup-profiler-editor-allocator-block-size=1048576"
    "memorysetup-temp-allocator-size-main=16777216"
    "memorysetup-job-temp-allocator-block-size=2097152"
    "memorysetup-job-temp-allocator-block-size-background=1048576"
    "memorysetup-job-temp-allocator-reduction-small-platforms=262144"
    "memorysetup-temp-allocator-size-background-worker=32768"
    "memorysetup-temp-allocator-size-job-worker=262144"
    "memorysetup-temp-allocator-size-preload-manager=33554432"
    "memorysetup-temp-allocator-size-nav-mesh-worker=65536"
    "memorysetup-temp-allocator-size-audio-worker=65536"
    "memorysetup-temp-allocator-size-cloud-worker=32768"
    "memorysetup-temp-allocator-size-gi-baking-worker=262144"
    "memorysetup-temp-allocator-size-gfx=262144"
Refreshing native plugins compatible for Editor in 153.03 ms, found 14 plugins.
Preloading 1 native plugins for Editor in 1.03 ms.
Initialize engine version: 2021.3.8f1 (b30333d56e81)
[Subsystems] Discovering subsystems at path C:/Program Files/Unity/Hub/Editor/2021.3.8f1/Editor/Data/Resources/UnitySubsystems
[Subsystems] Discovering subsystems at path C:/Users/az794137/Downloads/OnStageVR/OnStageVR/Assets
GfxDevice: creating device client; threaded=0; jobified=0
Direct3D:
    Version:  Direct3D 11.0 [level 11.1]
    Renderer: NVIDIA Quadro P5000 (ID=0x1bb0)
    Vendor:   NVIDIA
    VRAM:     16255 MB
    Driver:   31.0.15.1640
Initialize mono
Mono path[0] = 'C:/Program Files/Unity/Hub/Editor/2021.3.8f1/Editor/Data/Managed'
Mono path[1] = 'C:/Program Files/Unity/Hub/Editor/2021.3.8f1/Editor/Data/MonoBleedingEdge/lib/mono/unityjit-win32'
Mono config path = 'C:/Program Files/Unity/Hub/Editor/2021.3.8f1/Editor/Data/MonoBleedingEdge/etc'
Using monoOptions --debugger-agent=transport=dt_socket,embedding=1,server=y,suspend=n,address=127.0.0.1:56276
Begin MonoManager ReloadAssembly
Registering precompiled unity dll's ...
Register platform support module: C:/Program Files/Unity/Hub/Editor/2021.3.8f1/Editor/Data/PlaybackEngines/AndroidPlayer/UnityEditor.Android.Extensions.dll
Register platform support module: C:/Program Files/Unity/Hub/Editor/2021.3.8f1/Editor/Data/PlaybackEngines/WindowsStandaloneSupport/UnityEditor.WindowsStandalone.Extensions.dll
Register platform support module: C:/Program Files/Unity/Hub/Editor/2021.3.8f1/Editor/Data/PlaybackEngines/MetroSupport/UnityEditor.UWP.Extensions.dll
Registered in 0.028532 seconds.
Native extension for UWP target not found
Native extension for WindowsStandalone target not found
Native extension for Android target not found
Refreshing native plugins compatible for Editor in 128.96 ms, found 14 plugins.
Preloading 1 native plugins for Editor in 0.30 ms.
Mono: successfully reloaded assembly
- Completed reload, in  0.945 seconds
Domain Reload Profiling:
	ReloadAssembly (946ms)
		BeginReloadAssembly (119ms)
			ExecutionOrderSort (0ms)
			DisableScriptedObjects (0ms)
			BackupInstance (0ms)
			ReleaseScriptingObjects (0ms)
			CreateAndSetChildDomain (1ms)
		EndReloadAssembly (619ms)
			LoadAssemblies (117ms)
			RebuildTransferFunctionScriptingTraits (0ms)
			SetupTypeCache (165ms)
			ReleaseScriptCaches (0ms)
			RebuildScriptCaches (29ms)
			SetupLoadedEditorAssemblies (364ms)
				LogAssemblyErrors (0ms)
				InitializePlatformSupportModulesInManaged (63ms)
				SetLoadedEditorAssemblies (0ms)
				RefreshPlugins (129ms)
				BeforeProcessingInitializeOnLoad (1ms)
				ProcessInitializeOnLoadAttributes (105ms)
				ProcessInitializeOnLoadMethodAttributes (65ms)
				AfterProcessingInitializeOnLoad (0ms)
				EditorAssembliesLoaded (0ms)
			ExecutionOrderSort2 (0ms)
			AwakeInstancesAfterBackupRestoration (0ms)
Platform modules already initialized, skipping
Registering precompiled user dll's ...
Registered in 0.018677 seconds.
Begin MonoManager ReloadAssembly
Symbol file LoadedFromMemory doesn't match image C:\Users\az794137\Downloads\OnStageVR\OnStageVR\Library\PackageCache\com.unity.visualscripting@1.7.8\Editor\VisualScripting.Core\Dependencies\DotNetZip\Unity.VisualScripting.IonicZip.dll
Symbol file LoadedFromMemory doesn't match image C:\Users\az794137\Downloads\OnStageVR\OnStageVR\Library\PackageCache\com.unity.visualscripting@1.7.8\Editor\VisualScripting.Core\Dependencies\YamlDotNet\Unity.VisualScripting.YamlDotNet.dll
Native extension for UWP target not found
Native extension for WindowsStandalone target not found
Native extension for Android target not found
Refreshing native plugins compatible for Editor in 118.29 ms, found 14 plugins.
Preloading 1 native plugins for Editor in 0.09 ms.
Package Manager log level set to [2]
System.Reflection.TargetInvocationException: Exception has been thrown by the target of an invocation. ---> System.NullReferenceException: Object reference not set to an instance of an object
  at Unity.XR.Oculus.OculusLoader.AssetPathToAbsolutePath (System.String assetPath) [0x0003d] in C:\Users\az794137\Downloads\OnStageVR\OnStageVR\Library\PackageCache\com.unity.xr.oculus@3.0.2\Runtime\OculusLoader.cs:271 
  at Unity.XR.Oculus.OculusLoader.EditorLoadOVRPlugin () [0x0007b] in C:\Users\az794137\Downloads\OnStageVR\OnStageVR\Library\PackageCache\com.unity.xr.oculus@3.0.2\Runtime\OculusLoader.cs:256 
  at (wrapper managed-to-native) System.Reflection.RuntimeMethodInfo.InternalInvoke(System.Reflection.RuntimeMethodInfo,object,object[],System.Exception&)
  at System.Reflection.RuntimeMethodInfo.Invoke (System.Object obj, System.Reflection.BindingFlags invokeAttr, System.Reflection.Binder binder, System.Object[] parameters, System.Globalization.CultureInfo culture) [0x0006a] in <c2a97e0383e8404c9fc0ae19d58f57f1>:0 
   --- End of inner exception stack trace ---
  at System.Reflection.RuntimeMethodInfo.Invoke (System.Object obj, System.Reflection.BindingFlags invokeAttr, System.Reflection.Binder binder, System.Object[] parameters, System.Globalization.CultureInfo culture) [0x00083] in <c2a97e0383e8404c9fc0ae19d58f57f1>:0 
  at System.Reflection.MethodBase.Invoke (System.Object obj, System.Object[] parameters) [0x00000] in <c2a97e0383e8404c9fc0ae19d58f57f1>:0 
  at UnityEditor.EditorAssemblies.ProcessInitializeOnLoadMethodAttributes () [0x000a5] in <5f40cdb07bd44d76a23dad985a4ec283>:0 
UnityEngine.StackTraceUtility:ExtractStackTrace ()
UnityEngine.DebugLogHandler:LogFormat (UnityEngine.LogType,UnityEngine.Object,string,object[])
UnityEngine.Logger:Log (UnityEngine.LogType,object)
UnityEngine.Debug:LogError (object)
UnityEditor.EditorAssemblies:ProcessInitializeOnLoadMethodAttributes ()

Mono: successfully reloaded assembly
- Completed reload, in  1.643 seconds
Domain Reload Profiling:
	ReloadAssembly (1646ms)
		BeginReloadAssembly (288ms)
			ExecutionOrderSort (0ms)
			DisableScriptedObjects (8ms)
			BackupInstance (0ms)
			ReleaseScriptingObjects (0ms)
			CreateAndSetChildDomain (151ms)
		EndReloadAssembly (1225ms)
			LoadAssemblies (122ms)
			RebuildTransferFunctionScriptingTraits (0ms)
			SetupTypeCache (355ms)
			ReleaseScriptCaches (1ms)
			RebuildScriptCaches (80ms)
			SetupLoadedEditorAssemblies (637ms)
				LogAssemblyErrors (0ms)
				InitializePlatformSupportModulesInManaged (16ms)
				SetLoadedEditorAssemblies (0ms)
				RefreshPlugins (118ms)
				BeforeProcessingInitializeOnLoad (117ms)
				ProcessInitializeOnLoadAttributes (331ms)
				ProcessInitializeOnLoadMethodAttributes (43ms)
				AfterProcessingInitializeOnLoad (11ms)
				EditorAssembliesLoaded (0ms)
			ExecutionOrderSort2 (0ms)
			AwakeInstancesAfterBackupRestoration (8ms)
Platform modules already initialized, skipping
========================================================================
Worker process is ready to serve import requests
Launched and connected shader compiler UnityShaderCompiler.exe after 0.08 seconds
Refreshing native plugins compatible for Editor in 0.90 ms, found 14 plugins.
Preloading 1 native plugins for Editor in 0.09 ms.
Unloading 4334 Unused Serialized files (Serialized files now loaded: 0)
Unloading 50 unused Assets / (85.9 KB). Loaded Objects now: 4788.
Memory consumption went from 154.1 MB to 154.0 MB.
Total: 3.378000 ms (FindLiveObjects: 0.324200 ms CreateObjectMapping: 0.252400 ms MarkObjects: 2.686700 ms  DeleteObjects: 0.113800 ms)

AssetImportParameters requested are different than current active one (requested -> active):
  custom:video-decoder-ogg-theora: a1e56fd34408186e4bbccfd4996cb3dc -> 
  custom:container-muxer-webm: aa71ff27fc2769a1b78a27578f13a17b -> 
  custom:container-demuxer-webm: 4f35f7cbe854078d1ac9338744f61a02 -> 
  custom:video-encoder-webm-vp8: eb34c28f22e8b96e1ab97ce403110664 -> 
  custom:audio-encoder-webm-vorbis: bf7c407c2cedff20999df2af8eb42d56 -> 
  custom:framework-win-MediaFoundation: 216162199b28c13a410421893ffa2e32 -> 
  custom:container-demuxer-ogg: 62fdf1f143b41e24485cea50d1cbac27 -> 
  custom:video-decoder-webm-vp8: 9c59270c3fd7afecdb556c50c9e8de78 -> 
  custom:audio-decoder-ogg-vorbis: bf7c407c2cedff20999df2af8eb42d56 -> 
========================================================================
Received Import Request.
  Time since last request: 108780.942372 seconds.
  path: Assets/Ch31_1001_Specular.png
  artifactKey: Guid(ac46e581e90197c43906076fce9bfa41) Importer(815301076,1909f56bfc062723c751e8b465ee728b)
Start importing Assets/Ch31_1001_Specular.png using Guid(ac46e581e90197c43906076fce9bfa41) Importer(815301076,1909f56bfc062723c751e8b465ee728b)  -> (artifact id: 'f56612922551daef21a2b46a49840f87') in 0.221701 seconds 
========================================================================
Received Import Request.
  Time since last request: 0.000021 seconds.
  path: Assets/Ch31_1001_Glossiness.png
  artifactKey: Guid(55e99cd158a904941a16d6ad61f4adb0) Importer(815301076,1909f56bfc062723c751e8b465ee728b)
Start importing Assets/Ch31_1001_Glossiness.png using Guid(55e99cd158a904941a16d6ad61f4adb0) Importer(815301076,1909f56bfc062723c751e8b465ee728b)  -> (artifact id: 'ccbf3f8e5b5826bfe55dc39e75510468') in 0.019645 seconds 
========================================================================
Received Import Request.
  Time since last request: 0.000030 seconds.
  path: Assets/Ch21_1002_Diffuse.png
  artifactKey: Guid(40c17b9f271408042be1b462c1b480bf) Importer(815301076,1909f56bfc062723c751e8b465ee728b)
Start importing Assets/Ch21_1002_Diffuse.png using Guid(40c17b9f271408042be1b462c1b480bf) Importer(815301076,1909f56bfc062723c751e8b465ee728b)  -> (artifact id: 'a4ad1612fd35b9cc3b7cede4f741a753') in 0.025123 seconds 
========================================================================
Received Import Request.
  Time since last request: 0.000019 seconds.
  path: Assets/Ch31_1001_Normal.png
  artifactKey: Guid(e22301273baa2c14385833cf41b713cf) Importer(815301076,1909f56bfc062723c751e8b465ee728b)
Start importing Assets/Ch31_1001_Normal.png using Guid(e22301273baa2c14385833cf41b713cf) Importer(815301076,1909f56bfc062723c751e8b465ee728b)  -> (artifact id: '8a70f4b89f0088e5cd7a19d04186ae3f') in 0.054563 seconds 
========================================================================
Received Import Request.
  Time since last request: 0.000243 seconds.
  path: Assets/Ch31_1001_Diffuse.png
  artifactKey: Guid(f8926a900a104934495cc221c01312d4) Importer(815301076,1909f56bfc062723c751e8b465ee728b)
Start importing Assets/Ch31_1001_Diffuse.png using Guid(f8926a900a104934495cc221c01312d4) Importer(815301076,1909f56bfc062723c751e8b465ee728b)  -> (artifact id: 'be92721eb78cfbe2a399943120e7cd4a') in 0.022241 seconds 
========================================================================
Received Import Request.
  Time since last request: 0.000019 seconds.
  path: Assets/eb_HARDWARE1.mat
  artifactKey: Guid(fc10e0e7e71d41e4f98005dd6f44a827) Importer(815301076,1909f56bfc062723c751e8b465ee728b)
Start importing Assets/eb_HARDWARE1.mat using Guid(fc10e0e7e71d41e4f98005dd6f44a827) Importer(815301076,1909f56bfc062723c751e8b465ee728b)  -> (artifact id: '254644e5d2b1bf3be5c2258479180d84') in 0.065514 seconds 
========================================================================
Received Import Request.
  Time since last request: 0.000022 seconds.
  path: Assets/eb_HANDLE1.mat
  artifactKey: Guid(cddf3a4d6e4507543ae317de48c4f065) Importer(815301076,1909f56bfc062723c751e8b465ee728b)
Start importing Assets/eb_HANDLE1.mat using Guid(cddf3a4d6e4507543ae317de48c4f065) Importer(815301076,1909f56bfc062723c751e8b465ee728b)  -> (artifact id: '0c9341aa6d9f5496ae051dd52c37e7ae') in 0.014133 seconds 
========================================================================
Received Import Request.
  Time since last request: 0.000031 seconds.
  path: Assets/Ch07_1002_Normal.png
  artifactKey: Guid(9782d8ed97975b8478a7426f19a5d412) Importer(815301076,1909f56bfc062723c751e8b465ee728b)
Start importing Assets/Ch07_1002_Normal.png using Guid(9782d8ed97975b8478a7426f19a5d412) Importer(815301076,1909f56bfc062723c751e8b465ee728b)  -> (artifact id: '8c7f23908bfd3723726c959beb7505ab') in 0.021249 seconds 
========================================================================
Received Import Request.
  Time since last request: 0.000020 seconds.
  path: Assets/leatherChair_metal.mat
  artifactKey: Guid(ccd7fce57bb824042885f8813dbc90c8) Importer(815301076,1909f56bfc062723c751e8b465ee728b)
Start importing Assets/leatherChair_metal.mat using Guid(ccd7fce57bb824042885f8813dbc90c8) Importer(815301076,1909f56bfc062723c751e8b465ee728b)  -> (artifact id: '1f6977d1e08256c108d5f166ae383e0f') in 0.018651 seconds 
========================================================================
Received Import Request.
  Time since last request: 0.000020 seconds.
  path: Assets/wood_panel_3_black_mesea48_.jpg
  artifactKey: Guid(c8f82c3c534e26c4f8b8b52524b4fe68) Importer(815301076,1909f56bfc062723c751e8b465ee728b)
Start importing Assets/wood_panel_3_black_mesea48_.jpg using Guid(c8f82c3c534e26c4f8b8b52524b4fe68) Importer(815301076,1909f56bfc062723c751e8b465ee728b)  -> (artifact id: '15e889bc44cb627e1baf4f95e920ebf1') in 0.018236 seconds 
========================================================================
Received Import Request.
  Time since last request: 0.000020 seconds.
  path: Assets/Ch07_1002_Diffuse.png
  artifactKey: Guid(61be2484194e7454b9cd963508a312fe) Importer(815301076,1909f56bfc062723c751e8b465ee728b)
Start importing Assets/Ch07_1002_Diffuse.png using Guid(61be2484194e7454b9cd963508a312fe) Importer(815301076,1909f56bfc062723c751e8b465ee728b)  -> (artifact id: '077ac91e0ecc1b4278d41e77b69296da') in 0.021897 seconds 
========================================================================
Received Import Request.
  Time since last request: 0.000017 seconds.
  path: Assets/Ch21_1001_Diffuse.png
  artifactKey: Guid(30293508ae6e55e41b9c2318d0d9a6f5) Importer(815301076,1909f56bfc062723c751e8b465ee728b)
Start importing Assets/Ch21_1001_Diffuse.png using Guid(30293508ae6e55e41b9c2318d0d9a6f5) Importer(815301076,1909f56bfc062723c751e8b465ee728b)  -> (artifact id: 'b3a6520fcb9c49cff669ea67058582c1') in 0.015020 seconds 
========================================================================
Received Import Request.
  Time since last request: 0.000040 seconds.
  path: Assets/Ch31_1002_Diffuse.png
  artifactKey: Guid(254891fc6cdac5e4d85d7cfbafc4f8ad) Importer(815301076,1909f56bfc062723c751e8b465ee728b)
Start importing Assets/Ch31_1002_Diffuse.png using Guid(254891fc6cdac5e4d85d7cfbafc4f8ad) Importer(815301076,1909f56bfc062723c751e8b465ee728b)  -> (artifact id: 'bff539a7c3305372d4bab3f1664c2ecc') in 0.016370 seconds 
========================================================================
Received Import Request.
  Time since last request: 0.000018 seconds.
  path: Assets/VH 1.fbx
  artifactKey: Guid(e58240171ec33594e9a9f083618480dc) Importer(815301076,1909f56bfc062723c751e8b465ee728b)
Start importing Assets/VH 1.fbx using Guid(e58240171ec33594e9a9f083618480dc) Importer(815301076,1909f56bfc062723c751e8b465ee728b)  -> (artifact id: 'd9366acfb32e18c129e406b84edc193b') in 0.211167 seconds 
========================================================================
Received Import Request.
  Time since last request: 0.000031 seconds.
  path: Assets/Ch21_1002_Normal.png
  artifactKey: Guid(a1e93ba7d1229254c8a166b48b8dbbc8) Importer(815301076,1909f56bfc062723c751e8b465ee728b)
Start importing Assets/Ch21_1002_Normal.png using Guid(a1e93ba7d1229254c8a166b48b8dbbc8) Importer(815301076,1909f56bfc062723c751e8b465ee728b)  -> (artifact id: 'efda14e48ce9679c30102333cfd28aff') in 0.028583 seconds 
========================================================================
Received Import Request.
  Time since last request: 0.000041 seconds.
  path: Assets/eb_GLAZING1.mat
  artifactKey: Guid(c86d347c9df793b46904b29cc312797f) Importer(815301076,1909f56bfc062723c751e8b465ee728b)
Start importing Assets/eb_GLAZING1.mat using Guid(c86d347c9df793b46904b29cc312797f) Importer(815301076,1909f56bfc062723c751e8b465ee728b)  -> (artifact id: '8692533ddeb33251387e248900256f9a') in 0.016336 seconds 
========================================================================
Received Import Request.
  Time since last request: 0.000020 seconds.
  path: Assets/Rubber - Black.001.mat
  artifactKey: Guid(fe434ca84112c424899366d1af7704ed) Importer(815301076,1909f56bfc062723c751e8b465ee728b)
Start importing Assets/Rubber - Black.001.mat using Guid(fe434ca84112c424899366d1af7704ed) Importer(815301076,1909f56bfc062723c751e8b465ee728b)  -> (artifact id: '2ad1ad565be6b439007525876b948fb2') in 0.022250 seconds 
========================================================================
Received Import Request.
  Time since last request: 0.000020 seconds.
  path: Assets/Leather.mat
  artifactKey: Guid(8a05723800f010440bd94df55b4ad62a) Importer(815301076,1909f56bfc062723c751e8b465ee728b)
Start importing Assets/Leather.mat using Guid(8a05723800f010440bd94df55b4ad62a) Importer(815301076,1909f56bfc062723c751e8b465ee728b)  -> (artifact id: '450eb0c4ba5b42ea23987c1025d6ec45') in 0.018804 seconds 
========================================================================
Received Import Request.
  Time since last request: 0.000021 seconds.
  path: Assets/ground1.mat
  artifactKey: Guid(116269fca64b2ef43be161304268a17b) Importer(815301076,1909f56bfc062723c751e8b465ee728b)
Start importing Assets/ground1.mat using Guid(116269fca64b2ef43be161304268a17b) Importer(815301076,1909f56bfc062723c751e8b465ee728b)  -> (artifact id: 'ee6ababd97c9cf1b8bb45a11428d5dff') in 0.019330 seconds 
========================================================================
Received Import Request.
  Time since last request: 0.000027 seconds.
  path: Assets/Ch21_1001_Normal.png
  artifactKey: Guid(5d8b243023725de45ad1682e478bfcc5) Importer(815301076,1909f56bfc062723c751e8b465ee728b)
Start importing Assets/Ch21_1001_Normal.png using Guid(5d8b243023725de45ad1682e478bfcc5) Importer(815301076,1909f56bfc062723c751e8b465ee728b)  -> (artifact id: '9ed3603c6883182e4b28ca34a14515e3') in 0.019203 seconds 
========================================================================
Received Import Request.
  Time since last request: 0.000019 seconds.
  path: Assets/Ch31_body.mat
  artifactKey: Guid(a4ebaa07c1c6ee949a7bbd91c0da175d) Importer(815301076,1909f56bfc062723c751e8b465ee728b)
Start importing Assets/Ch31_body.mat using Guid(a4ebaa07c1c6ee949a7bbd91c0da175d) Importer(815301076,1909f56bfc062723c751e8b465ee728b)  -> (artifact id: '270dd9f73c65b207a62954ad9869e653') in 0.021754 seconds 
========================================================================
Received Import Request.
  Time since last request: 0.000204 seconds.
  path: Assets/uploads_files_3020219_Interior11.fbx
  artifactKey: Guid(d4e49b9906a5a154397778817e47effa) Importer(815301076,1909f56bfc062723c751e8b465ee728b)
Start importing Assets/uploads_files_3020219_Interior11.fbx using Guid(d4e49b9906a5a154397778817e47effa) Importer(815301076,1909f56bfc062723c751e8b465ee728b)  -> (artifact id: 'b4560c97363cd86e5de3d0dc0a3ceaf4') in 0.910946 seconds 
========================================================================
Received Import Request.
  Time since last request: 0.000021 seconds.
  path: Assets/white1.mat
  artifactKey: Guid(c748fa08c174eae4581c0c845ae0e478) Importer(815301076,1909f56bfc062723c751e8b465ee728b)
Start importing Assets/white1.mat using Guid(c748fa08c174eae4581c0c845ae0e478) Importer(815301076,1909f56bfc062723c751e8b465ee728b)  -> (artifact id: 'ea707ce3651cfabdb6787662309d6af8') in 0.036897 seconds 
========================================================================
Received Import Request.
  Time since last request: 0.000028 seconds.
  path: Assets/PIEDRA002.mat
  artifactKey: Guid(a66da069ad5f2b14d9503cea8cfb8192) Importer(815301076,1909f56bfc062723c751e8b465ee728b)
Start importing Assets/PIEDRA002.mat using Guid(a66da069ad5f2b14d9503cea8cfb8192) Importer(815301076,1909f56bfc062723c751e8b465ee728b)  -> (artifact id: '6f1c05058375a1678602cb75a45b604a') in 0.027887 seconds 
========================================================================
Received Import Request.
  Time since last request: 0.000018 seconds.
  path: Assets/Ch07_hair.mat
  artifactKey: Guid(338190e464dacea4fbf355cc6596125c) Importer(815301076,1909f56bfc062723c751e8b465ee728b)
Start importing Assets/Ch07_hair.mat using Guid(338190e464dacea4fbf355cc6596125c) Importer(815301076,1909f56bfc062723c751e8b465ee728b)  -> (artifact id: 'b097b92864e4888bacf13d30d5dc63f4') in 0.051355 seconds 
========================================================================
Received Import Request.
  Time since last request: 0.000095 seconds.
  path: Assets/Color_E14.mat
  artifactKey: Guid(7e33955dd869cde489f76b33147f36c2) Importer(815301076,1909f56bfc062723c751e8b465ee728b)
Start importing Assets/Color_E14.mat using Guid(7e33955dd869cde489f76b33147f36c2) Importer(815301076,1909f56bfc062723c751e8b465ee728b)  -> (artifact id: 'eed94717c1ba0c9232421930ea7418f1') in 0.041670 seconds 
========================================================================
Received Import Request.
  Time since last request: 0.000027 seconds.
  path: Assets/Ch07_1001_Specular.png
  artifactKey: Guid(27170319ac00c2243b50fb427bc80c4b) Importer(815301076,1909f56bfc062723c751e8b465ee728b)
Start importing Assets/Ch07_1001_Specular.png using Guid(27170319ac00c2243b50fb427bc80c4b) Importer(815301076,1909f56bfc062723c751e8b465ee728b)  -> (artifact id: '6d73c27e59ae40b4905cc33830bcd4c5') in 0.027559 seconds 
========================================================================
Received Import Request.
  Time since last request: 0.000023 seconds.
  path: Assets/Ch31_hair.mat
  artifactKey: Guid(52a2b511fb224b44080e7d52fbfd4bb0) Importer(815301076,1909f56bfc062723c751e8b465ee728b)
Start importing Assets/Ch31_hair.mat using Guid(52a2b511fb224b44080e7d52fbfd4bb0) Importer(815301076,1909f56bfc062723c751e8b465ee728b)  -> (artifact id: '06648b51278bb833f7b86313bc39eb0b') in 0.050367 seconds 
========================================================================
Received Import Request.
  Time since last request: 0.000029 seconds.
  path: Assets/Wood Panel 2.mat
  artifactKey: Guid(356cffe5c83782c4d9fcf764edbdc483) Importer(815301076,1909f56bfc062723c751e8b465ee728b)
Start importing Assets/Wood Panel 2.mat using Guid(356cffe5c83782c4d9fcf764edbdc483) Importer(815301076,1909f56bfc062723c751e8b465ee728b)  -> (artifact id: '668cd84ad7cbd1b0f1b64a536e9be799') in 0.035914 seconds 
========================================================================
Received Import Request.
  Time since last request: 0.000020 seconds.
  path: Assets/M_13___Default1.mat
  artifactKey: Guid(1f04de4d7cb9aa14bb56df5accf8000e) Importer(815301076,1909f56bfc062723c751e8b465ee728b)
Start importing Assets/M_13___Default1.mat using Guid(1f04de4d7cb9aa14bb56df5accf8000e) Importer(815301076,1909f56bfc062723c751e8b465ee728b)  -> (artifact id: 'a3f41f94a8f7d272f20ba438dc80965c') in 0.024531 seconds 
========================================================================
Received Import Request.
  Time since last request: 0.000041 seconds.
  path: Assets/Color_M00.mat
  artifactKey: Guid(7434fc72deea8eb47a575402e3806682) Importer(815301076,1909f56bfc062723c751e8b465ee728b)
Start importing Assets/Color_M00.mat using Guid(7434fc72deea8eb47a575402e3806682) Importer(815301076,1909f56bfc062723c751e8b465ee728b)  -> (artifact id: '4817bb3e59bb63fbfbc0e58333fb2d6d') in 0.057690 seconds 
Editor requested this worker to shutdown with reason: Scaling down because of idle timeout
AssetImportWorkerClient::OnTransportError - code=2 error=End of file
AssetImportWorker is now disconnected from the server
Process exiting
Exiting without the bug reporter. Application will terminate with return code 0